Thu, 09 Sep 2021 06:45:21 GMT sequelize deprecated String based operators are now deprecated. Please use Symbol based operators for better security, read more at http://docs.sequelizejs.com/manual/tutorial/querying.html#operators at node_modules\sequelize\lib\sequelize.js:242:13
Thu, 09 Sep 2021 06:49:49 GMT sequelize deprecated String based operators are now deprecated. Please use Symbol based operators for better security, read more at http://docs.sequelizejs.com/manual/tutorial/querying.html#operators at EGAT-server\node_modules\sequelize\lib\sequelize.js:242:13
Error: listen EADDRINUSE: address already in use :::8081
    at Server.setupListenHandle [as _listen2] (net.js:1313:16)
    at listenInCluster (net.js:1361:12)
    at Server.listen (net.js:1447:7)
    at Function.listen (D:\NodeVue\EGAT-server\node_modules\express\lib\application.js:618:24)
    at D:\NodeVue\EGAT-server\src\app.js:9:9 {
  code: 'EADDRINUSE',
  errno: 'EADDRINUSE',
  syscall: 'listen',
  address: '::',
  port: 8081
}
Error: listen EADDRINUSE: address already in use :::8081
    at Server.setupListenHandle [as _listen2] (net.js:1313:16)
    at listenInCluster (net.js:1361:12)
    at Server.listen (net.js:1447:7)
    at Function.listen (D:\NodeVue\EGAT-server\node_modules\express\lib\application.js:618:24)
    at D:\NodeVue\EGAT-server\src\app.js:9:9 {
  code: 'EADDRINUSE',
  errno: 'EADDRINUSE',
  syscall: 'listen',
  address: '::',
  port: 8081
}
Error: listen EADDRINUSE: address already in use :::8081
    at Server.setupListenHandle [as _listen2] (net.js:1313:16)
    at listenInCluster (net.js:1361:12)
    at Server.listen (net.js:1447:7)
    at Function.listen (D:\NodeVue\EGAT-server\node_modules\express\lib\application.js:618:24)
    at D:\NodeVue\EGAT-server\src\app.js:9:9 {
  code: 'EADDRINUSE',
  errno: 'EADDRINUSE',
  syscall: 'listen',
  address: '::',
  port: 8081
}
Error: listen EADDRINUSE: address already in use :::8081
    at Server.setupListenHandle [as _listen2] (net.js:1313:16)
    at listenInCluster (net.js:1361:12)
    at Server.listen (net.js:1447:7)
    at Function.listen (D:\NodeVue\EGAT-server\node_modules\express\lib\application.js:618:24)
    at D:\NodeVue\EGAT-server\src\app.js:9:9 {
  code: 'EADDRINUSE',
  errno: 'EADDRINUSE',
  syscall: 'listen',
  address: '::',
  port: 8081
}
Error: listen EADDRINUSE: address already in use :::8081
    at Server.setupListenHandle [as _listen2] (net.js:1313:16)
    at listenInCluster (net.js:1361:12)
    at Server.listen (net.js:1447:7)
    at Function.listen (D:\NodeVue\EGAT-server\node_modules\express\lib\application.js:618:24)
    at D:\NodeVue\EGAT-server\src\app.js:9:9 {
  code: 'EADDRINUSE',
  errno: 'EADDRINUSE',
  syscall: 'listen',
  address: '::',
  port: 8081
}
Error: listen EADDRINUSE: address already in use :::8081
    at Server.setupListenHandle [as _listen2] (net.js:1313:16)
    at listenInCluster (net.js:1361:12)
    at Server.listen (net.js:1447:7)
    at Function.listen (D:\NodeVue\EGAT-server\node_modules\express\lib\application.js:618:24)
    at D:\NodeVue\EGAT-server\src\app.js:9:9 {
  code: 'EADDRINUSE',
  errno: 'EADDRINUSE',
  syscall: 'listen',
  address: '::',
  port: 8081
}
Error: listen EADDRINUSE: address already in use :::8081
    at Server.setupListenHandle [as _listen2] (net.js:1313:16)
    at listenInCluster (net.js:1361:12)
    at Server.listen (net.js:1447:7)
    at Function.listen (D:\NodeVue\EGAT-server\node_modules\express\lib\application.js:618:24)
    at D:\NodeVue\EGAT-server\src\app.js:9:9 {
  code: 'EADDRINUSE',
  errno: 'EADDRINUSE',
  syscall: 'listen',
  address: '::',
  port: 8081
}
Error: listen EADDRINUSE: address already in use :::8081
    at Server.setupListenHandle [as _listen2] (net.js:1313:16)
    at listenInCluster (net.js:1361:12)
    at Server.listen (net.js:1447:7)
    at Function.listen (D:\NodeVue\EGAT-server\node_modules\express\lib\application.js:618:24)
    at D:\NodeVue\EGAT-server\src\app.js:9:9 {
  code: 'EADDRINUSE',
  errno: 'EADDRINUSE',
  syscall: 'listen',
  address: '::',
  port: 8081
}
Error: listen EADDRINUSE: address already in use :::8081
    at Server.setupListenHandle [as _listen2] (net.js:1313:16)
    at listenInCluster (net.js:1361:12)
    at Server.listen (net.js:1447:7)
    at Function.listen (D:\NodeVue\EGAT-server\node_modules\express\lib\application.js:618:24)
    at D:\NodeVue\EGAT-server\src\app.js:9:9 {
  code: 'EADDRINUSE',
  errno: 'EADDRINUSE',
  syscall: 'listen',
  address: '::',
  port: 8081
}
Error: listen EADDRINUSE: address already in use :::8081
    at Server.setupListenHandle [as _listen2] (net.js:1313:16)
    at listenInCluster (net.js:1361:12)
    at Server.listen (net.js:1447:7)
    at Function.listen (D:\NodeVue\EGAT-server\node_modules\express\lib\application.js:618:24)
    at D:\NodeVue\EGAT-server\src\app.js:9:9 {
  code: 'EADDRINUSE',
  errno: 'EADDRINUSE',
  syscall: 'listen',
  address: '::',
  port: 8081
}
Error: listen EADDRINUSE: address already in use :::8081
    at Server.setupListenHandle [as _listen2] (net.js:1313:16)
    at listenInCluster (net.js:1361:12)
    at Server.listen (net.js:1447:7)
    at Function.listen (D:\NodeVue\EGAT-server\node_modules\express\lib\application.js:618:24)
    at D:\NodeVue\EGAT-server\src\app.js:9:9 {
  code: 'EADDRINUSE',
  errno: 'EADDRINUSE',
  syscall: 'listen',
  address: '::',
  port: 8081
}
Error: listen EADDRINUSE: address already in use :::8081
    at Server.setupListenHandle [as _listen2] (net.js:1313:16)
    at listenInCluster (net.js:1361:12)
    at Server.listen (net.js:1447:7)
    at Function.listen (D:\NodeVue\EGAT-server\node_modules\express\lib\application.js:618:24)
    at D:\NodeVue\EGAT-server\src\app.js:9:9 {
  code: 'EADDRINUSE',
  errno: 'EADDRINUSE',
  syscall: 'listen',
  address: '::',
  port: 8081
}
Error: listen EADDRINUSE: address already in use :::8081
    at Server.setupListenHandle [as _listen2] (net.js:1313:16)
    at listenInCluster (net.js:1361:12)
    at Server.listen (net.js:1447:7)
    at Function.listen (D:\NodeVue\EGAT-server\node_modules\express\lib\application.js:618:24)
    at D:\NodeVue\EGAT-server\src\app.js:9:9 {
  code: 'EADDRINUSE',
  errno: 'EADDRINUSE',
  syscall: 'listen',
  address: '::',
  port: 8081
}
Error: listen EADDRINUSE: address already in use :::8081
    at Server.setupListenHandle [as _listen2] (net.js:1313:16)
    at listenInCluster (net.js:1361:12)
    at Server.listen (net.js:1447:7)
    at Function.listen (D:\NodeVue\EGAT-server\node_modules\express\lib\application.js:618:24)
    at D:\NodeVue\EGAT-server\src\app.js:9:9 {
  code: 'EADDRINUSE',
  errno: 'EADDRINUSE',
  syscall: 'listen',
  address: '::',
  port: 8081
}
Error: listen EADDRINUSE: address already in use :::8081
    at Server.setupListenHandle [as _listen2] (net.js:1313:16)
    at listenInCluster (net.js:1361:12)
    at Server.listen (net.js:1447:7)
    at Function.listen (D:\NodeVue\EGAT-server\node_modules\express\lib\application.js:618:24)
    at D:\NodeVue\EGAT-server\src\app.js:9:9 {
  code: 'EADDRINUSE',
  errno: 'EADDRINUSE',
  syscall: 'listen',
  address: '::',
  port: 8081
}
Error: listen EADDRINUSE: address already in use :::8081
    at Server.setupListenHandle [as _listen2] (net.js:1313:16)
    at listenInCluster (net.js:1361:12)
    at Server.listen (net.js:1447:7)
    at Function.listen (D:\NodeVue\EGAT-server\node_modules\express\lib\application.js:618:24)
    at D:\NodeVue\EGAT-server\src\app.js:9:9 {
  code: 'EADDRINUSE',
  errno: 'EADDRINUSE',
  syscall: 'listen',
  address: '::',
  port: 8081
}
Error: listen EADDRINUSE: address already in use :::8081
    at Server.setupListenHandle [as _listen2] (net.js:1313:16)
    at listenInCluster (net.js:1361:12)
    at Server.listen (net.js:1447:7)
    at Function.listen (D:\NodeVue\EGAT-server\node_modules\express\lib\application.js:618:24)
    at D:\NodeVue\EGAT-server\src\app.js:9:9 {
  code: 'EADDRINUSE',
  errno: 'EADDRINUSE',
  syscall: 'listen',
  address: '::',
  port: 8081
}
Error: listen EADDRINUSE: address already in use :::8081
    at Server.setupListenHandle [as _listen2] (net.js:1313:16)
    at listenInCluster (net.js:1361:12)
    at Server.listen (net.js:1447:7)
    at Function.listen (D:\NodeVue\EGAT-server\node_modules\express\lib\application.js:618:24)
    at D:\NodeVue\EGAT-server\src\app.js:9:9 {
  code: 'EADDRINUSE',
  errno: 'EADDRINUSE',
  syscall: 'listen',
  address: '::',
  port: 8081
}
Error: listen EADDRINUSE: address already in use :::8081
    at Server.setupListenHandle [as _listen2] (net.js:1313:16)
    at listenInCluster (net.js:1361:12)
    at Server.listen (net.js:1447:7)
    at Function.listen (D:\NodeVue\EGAT-server\node_modules\express\lib\application.js:618:24)
    at D:\NodeVue\EGAT-server\src\app.js:9:9 {
  code: 'EADDRINUSE',
  errno: 'EADDRINUSE',
  syscall: 'listen',
  address: '::',
  port: 8081
}
Error: listen EADDRINUSE: address already in use :::8081
    at Server.setupListenHandle [as _listen2] (net.js:1313:16)
    at listenInCluster (net.js:1361:12)
    at Server.listen (net.js:1447:7)
    at Function.listen (D:\NodeVue\EGAT-server\node_modules\express\lib\application.js:618:24)
    at D:\NodeVue\EGAT-server\src\app.js:9:9 {
  code: 'EADDRINUSE',
  errno: 'EADDRINUSE',
  syscall: 'listen',
  address: '::',
  port: 8081
}
Error: listen EADDRINUSE: address already in use :::8081
    at Server.setupListenHandle [as _listen2] (net.js:1313:16)
    at listenInCluster (net.js:1361:12)
    at Server.listen (net.js:1447:7)
    at Function.listen (D:\NodeVue\EGAT-server\node_modules\express\lib\application.js:618:24)
    at D:\NodeVue\EGAT-server\src\app.js:9:9 {
  code: 'EADDRINUSE',
  errno: 'EADDRINUSE',
  syscall: 'listen',
  address: '::',
  port: 8081
}
Error: listen EADDRINUSE: address already in use :::8081
    at Server.setupListenHandle [as _listen2] (net.js:1313:16)
    at listenInCluster (net.js:1361:12)
    at Server.listen (net.js:1447:7)
    at Function.listen (D:\NodeVue\EGAT-server\node_modules\express\lib\application.js:618:24)
    at D:\NodeVue\EGAT-server\src\app.js:9:9 {
  code: 'EADDRINUSE',
  errno: 'EADDRINUSE',
  syscall: 'listen',
  address: '::',
  port: 8081
}
Error: listen EADDRINUSE: address already in use :::8081
    at Server.setupListenHandle [as _listen2] (net.js:1313:16)
    at listenInCluster (net.js:1361:12)
    at Server.listen (net.js:1447:7)
    at Function.listen (D:\NodeVue\EGAT-server\node_modules\express\lib\application.js:618:24)
    at D:\NodeVue\EGAT-server\src\app.js:9:9 {
  code: 'EADDRINUSE',
  errno: 'EADDRINUSE',
  syscall: 'listen',
  address: '::',
  port: 8081
}
Error: listen EADDRINUSE: address already in use :::8081
    at Server.setupListenHandle [as _listen2] (net.js:1313:16)
    at listenInCluster (net.js:1361:12)
    at Server.listen (net.js:1447:7)
    at Function.listen (D:\NodeVue\EGAT-server\node_modules\express\lib\application.js:618:24)
    at D:\NodeVue\EGAT-server\src\app.js:9:9 {
  code: 'EADDRINUSE',
  errno: 'EADDRINUSE',
  syscall: 'listen',
  address: '::',
  port: 8081
}
Error: listen EADDRINUSE: address already in use :::8081
    at Server.setupListenHandle [as _listen2] (net.js:1313:16)
    at listenInCluster (net.js:1361:12)
    at Server.listen (net.js:1447:7)
    at Function.listen (D:\NodeVue\EGAT-server\node_modules\express\lib\application.js:618:24)
    at D:\NodeVue\EGAT-server\src\app.js:9:9 {
  code: 'EADDRINUSE',
  errno: 'EADDRINUSE',
  syscall: 'listen',
  address: '::',
  port: 8081
}
Error: listen EADDRINUSE: address already in use :::8081
    at Server.setupListenHandle [as _listen2] (net.js:1313:16)
    at listenInCluster (net.js:1361:12)
    at Server.listen (net.js:1447:7)
    at Function.listen (D:\NodeVue\EGAT-server\node_modules\express\lib\application.js:618:24)
    at D:\NodeVue\EGAT-server\src\app.js:9:9 {
  code: 'EADDRINUSE',
  errno: 'EADDRINUSE',
  syscall: 'listen',
  address: '::',
  port: 8081
}
Error: listen EADDRINUSE: address already in use :::8081
    at Server.setupListenHandle [as _listen2] (net.js:1313:16)
    at listenInCluster (net.js:1361:12)
    at Server.listen (net.js:1447:7)
    at Function.listen (D:\NodeVue\EGAT-server\node_modules\express\lib\application.js:618:24)
    at D:\NodeVue\EGAT-server\src\app.js:9:9 {
  code: 'EADDRINUSE',
  errno: 'EADDRINUSE',
  syscall: 'listen',
  address: '::',
  port: 8081
}
Error: listen EADDRINUSE: address already in use :::8081
    at Server.setupListenHandle [as _listen2] (net.js:1313:16)
    at listenInCluster (net.js:1361:12)
    at Server.listen (net.js:1447:7)
    at Function.listen (D:\NodeVue\EGAT-server\node_modules\express\lib\application.js:618:24)
    at D:\NodeVue\EGAT-server\src\app.js:9:9 {
  code: 'EADDRINUSE',
  errno: 'EADDRINUSE',
  syscall: 'listen',
  address: '::',
  port: 8081
}
Error: listen EADDRINUSE: address already in use :::8081
    at Server.setupListenHandle [as _listen2] (net.js:1313:16)
    at listenInCluster (net.js:1361:12)
    at Server.listen (net.js:1447:7)
    at Function.listen (D:\NodeVue\EGAT-server\node_modules\express\lib\application.js:618:24)
    at D:\NodeVue\EGAT-server\src\app.js:9:9 {
  code: 'EADDRINUSE',
  errno: 'EADDRINUSE',
  syscall: 'listen',
  address: '::',
  port: 8081
}
Error: listen EADDRINUSE: address already in use :::8081
    at Server.setupListenHandle [as _listen2] (net.js:1313:16)
    at listenInCluster (net.js:1361:12)
    at Server.listen (net.js:1447:7)
    at Function.listen (D:\NodeVue\EGAT-server\node_modules\express\lib\application.js:618:24)
    at D:\NodeVue\EGAT-server\src\app.js:9:9 {
  code: 'EADDRINUSE',
  errno: 'EADDRINUSE',
  syscall: 'listen',
  address: '::',
  port: 8081
}
Error: listen EADDRINUSE: address already in use :::8081
    at Server.setupListenHandle [as _listen2] (net.js:1313:16)
    at listenInCluster (net.js:1361:12)
    at Server.listen (net.js:1447:7)
    at Function.listen (D:\NodeVue\EGAT-server\node_modules\express\lib\application.js:618:24)
    at D:\NodeVue\EGAT-server\src\app.js:9:9 {
  code: 'EADDRINUSE',
  errno: 'EADDRINUSE',
  syscall: 'listen',
  address: '::',
  port: 8081
}
Error: listen EADDRINUSE: address already in use :::8081
    at Server.setupListenHandle [as _listen2] (net.js:1313:16)
    at listenInCluster (net.js:1361:12)
    at Server.listen (net.js:1447:7)
    at Function.listen (D:\NodeVue\EGAT-server\node_modules\express\lib\application.js:618:24)
    at D:\NodeVue\EGAT-server\src\app.js:9:9 {
  code: 'EADDRINUSE',
  errno: 'EADDRINUSE',
  syscall: 'listen',
  address: '::',
  port: 8081
}
Error: listen EADDRINUSE: address already in use :::8081
    at Server.setupListenHandle [as _listen2] (net.js:1313:16)
    at listenInCluster (net.js:1361:12)
    at Server.listen (net.js:1447:7)
    at Function.listen (D:\NodeVue\EGAT-server\node_modules\express\lib\application.js:618:24)
    at D:\NodeVue\EGAT-server\src\app.js:9:9 {
  code: 'EADDRINUSE',
  errno: 'EADDRINUSE',
  syscall: 'listen',
  address: '::',
  port: 8081
}
