Error: listen EADDRINUSE: address already in use :::8081
    at Server.setupListenHandle [as _listen2] (net.js:1313:16)
    at listenInCluster (net.js:1361:12)
    at Server.listen (net.js:1447:7)
    at Function.listen (D:\NodeVue\EGAT-Server\node_modules\express\lib\application.js:618:24)
    at D:\NodeVue\EGAT-Server\src\app.js:9:9 {
  code: 'EADDRINUSE',
  errno: 'EADDRINUSE',
  syscall: 'listen',
  address: '::',
  port: 8081
}
Error: listen EADDRINUSE: address already in use :::8081
    at Server.setupListenHandle [as _listen2] (net.js:1313:16)
    at listenInCluster (net.js:1361:12)
    at Server.listen (net.js:1447:7)
    at Function.listen (D:\NodeVue\EGAT-Server\node_modules\express\lib\application.js:618:24)
    at D:\NodeVue\EGAT-Server\src\app.js:9:9 {
  code: 'EADDRINUSE',
  errno: 'EADDRINUSE',
  syscall: 'listen',
  address: '::',
  port: 8081
}
Error: listen EADDRINUSE: address already in use :::8081
    at Server.setupListenHandle [as _listen2] (net.js:1313:16)
    at listenInCluster (net.js:1361:12)
    at Server.listen (net.js:1447:7)
    at Function.listen (D:\NodeVue\EGAT-Server\node_modules\express\lib\application.js:618:24)
    at D:\NodeVue\EGAT-Server\src\app.js:9:9 {
  code: 'EADDRINUSE',
  errno: 'EADDRINUSE',
  syscall: 'listen',
  address: '::',
  port: 8081
}
Error: listen EADDRINUSE: address already in use :::8081
    at Server.setupListenHandle [as _listen2] (net.js:1313:16)
    at listenInCluster (net.js:1361:12)
    at Server.listen (net.js:1447:7)
    at Function.listen (D:\NodeVue\EGAT-Server\node_modules\express\lib\application.js:618:24)
    at D:\NodeVue\EGAT-Server\src\app.js:9:9 {
  code: 'EADDRINUSE',
  errno: 'EADDRINUSE',
  syscall: 'listen',
  address: '::',
  port: 8081
}
Error: listen EADDRINUSE: address already in use :::8081
    at Server.setupListenHandle [as _listen2] (net.js:1313:16)
    at listenInCluster (net.js:1361:12)
    at Server.listen (net.js:1447:7)
    at Function.listen (D:\NodeVue\EGAT-Server\node_modules\express\lib\application.js:618:24)
    at D:\NodeVue\EGAT-Server\src\app.js:9:9 {
  code: 'EADDRINUSE',
  errno: 'EADDRINUSE',
  syscall: 'listen',
  address: '::',
  port: 8081
}
Error: listen EADDRINUSE: address already in use :::8081
    at Server.setupListenHandle [as _listen2] (net.js:1313:16)
    at listenInCluster (net.js:1361:12)
    at Server.listen (net.js:1447:7)
    at Function.listen (D:\NodeVue\EGAT-Server\node_modules\express\lib\application.js:618:24)
    at D:\NodeVue\EGAT-Server\src\app.js:9:9 {
  code: 'EADDRINUSE',
  errno: 'EADDRINUSE',
  syscall: 'listen',
  address: '::',
  port: 8081
}
Error: listen EADDRINUSE: address already in use :::8081
    at Server.setupListenHandle [as _listen2] (net.js:1313:16)
    at listenInCluster (net.js:1361:12)
    at Server.listen (net.js:1447:7)
    at Function.listen (D:\NodeVue\EGAT-Server\node_modules\express\lib\application.js:618:24)
    at D:\NodeVue\EGAT-Server\src\app.js:9:9 {
  code: 'EADDRINUSE',
  errno: 'EADDRINUSE',
  syscall: 'listen',
  address: '::',
  port: 8081
}
Error: listen EADDRINUSE: address already in use :::8081
    at Server.setupListenHandle [as _listen2] (net.js:1313:16)
    at listenInCluster (net.js:1361:12)
    at Server.listen (net.js:1447:7)
    at Function.listen (D:\NodeVue\EGAT-Server\node_modules\express\lib\application.js:618:24)
    at D:\NodeVue\EGAT-Server\src\app.js:9:9 {
  code: 'EADDRINUSE',
  errno: 'EADDRINUSE',
  syscall: 'listen',
  address: '::',
  port: 8081
}
Error: listen EADDRINUSE: address already in use :::8081
    at Server.setupListenHandle [as _listen2] (net.js:1313:16)
    at listenInCluster (net.js:1361:12)
    at Server.listen (net.js:1447:7)
    at Function.listen (D:\NodeVue\EGAT-Server\node_modules\express\lib\application.js:618:24)
    at D:\NodeVue\EGAT-Server\src\app.js:9:9 {
  code: 'EADDRINUSE',
  errno: 'EADDRINUSE',
  syscall: 'listen',
  address: '::',
  port: 8081
}
Error: listen EADDRINUSE: address already in use :::8081
    at Server.setupListenHandle [as _listen2] (net.js:1313:16)
    at listenInCluster (net.js:1361:12)
    at Server.listen (net.js:1447:7)
    at Function.listen (D:\NodeVue\EGAT-Server\node_modules\express\lib\application.js:618:24)
    at D:\NodeVue\EGAT-Server\src\app.js:9:9 {
  code: 'EADDRINUSE',
  errno: 'EADDRINUSE',
  syscall: 'listen',
  address: '::',
  port: 8081
}
Error: listen EADDRINUSE: address already in use :::8081
    at Server.setupListenHandle [as _listen2] (net.js:1313:16)
    at listenInCluster (net.js:1361:12)
    at Server.listen (net.js:1447:7)
    at Function.listen (D:\NodeVue\EGAT-Server\node_modules\express\lib\application.js:618:24)
    at D:\NodeVue\EGAT-Server\src\app.js:9:9 {
  code: 'EADDRINUSE',
  errno: 'EADDRINUSE',
  syscall: 'listen',
  address: '::',
  port: 8081
}
Error: listen EADDRINUSE: address already in use :::8081
    at Server.setupListenHandle [as _listen2] (net.js:1313:16)
    at listenInCluster (net.js:1361:12)
    at Server.listen (net.js:1447:7)
    at Function.listen (D:\NodeVue\EGAT-Server\node_modules\express\lib\application.js:618:24)
    at D:\NodeVue\EGAT-Server\src\app.js:9:9 {
  code: 'EADDRINUSE',
  errno: 'EADDRINUSE',
  syscall: 'listen',
  address: '::',
  port: 8081
}
Error: listen EADDRINUSE: address already in use :::8081
    at Server.setupListenHandle [as _listen2] (net.js:1313:16)
    at listenInCluster (net.js:1361:12)
    at Server.listen (net.js:1447:7)
    at Function.listen (D:\NodeVue\EGAT-Server\node_modules\express\lib\application.js:618:24)
    at D:\NodeVue\EGAT-Server\src\app.js:9:9 {
  code: 'EADDRINUSE',
  errno: 'EADDRINUSE',
  syscall: 'listen',
  address: '::',
  port: 8081
}
Error: listen EADDRINUSE: address already in use :::8081
    at Server.setupListenHandle [as _listen2] (net.js:1313:16)
    at listenInCluster (net.js:1361:12)
    at Server.listen (net.js:1447:7)
    at Function.listen (D:\NodeVue\EGAT-Server\node_modules\express\lib\application.js:618:24)
    at D:\NodeVue\EGAT-Server\src\app.js:9:9 {
  code: 'EADDRINUSE',
  errno: 'EADDRINUSE',
  syscall: 'listen',
  address: '::',
  port: 8081
}
Error: listen EADDRINUSE: address already in use :::8081
    at Server.setupListenHandle [as _listen2] (net.js:1313:16)
    at listenInCluster (net.js:1361:12)
    at Server.listen (net.js:1447:7)
    at Function.listen (D:\NodeVue\EGAT-Server\node_modules\express\lib\application.js:618:24)
    at D:\NodeVue\EGAT-Server\src\app.js:9:9 {
  code: 'EADDRINUSE',
  errno: 'EADDRINUSE',
  syscall: 'listen',
  address: '::',
  port: 8081
}
Error: listen EADDRINUSE: address already in use :::8081
    at Server.setupListenHandle [as _listen2] (net.js:1313:16)
    at listenInCluster (net.js:1361:12)
    at Server.listen (net.js:1447:7)
    at Function.listen (D:\NodeVue\EGAT-Server\node_modules\express\lib\application.js:618:24)
    at D:\NodeVue\EGAT-Server\src\app.js:9:9 {
  code: 'EADDRINUSE',
  errno: 'EADDRINUSE',
  syscall: 'listen',
  address: '::',
  port: 8081
}
Error: listen EADDRINUSE: address already in use :::8081
    at Server.setupListenHandle [as _listen2] (net.js:1313:16)
    at listenInCluster (net.js:1361:12)
    at Server.listen (net.js:1447:7)
    at Function.listen (D:\NodeVue\EGAT-Server\node_modules\express\lib\application.js:618:24)
    at D:\NodeVue\EGAT-Server\src\app.js:9:9 {
  code: 'EADDRINUSE',
  errno: 'EADDRINUSE',
  syscall: 'listen',
  address: '::',
  port: 8081
}
Error: listen EADDRINUSE: address already in use :::8081
    at Server.setupListenHandle [as _listen2] (net.js:1313:16)
    at listenInCluster (net.js:1361:12)
    at Server.listen (net.js:1447:7)
    at Function.listen (D:\NodeVue\EGAT-Server\node_modules\express\lib\application.js:618:24)
    at D:\NodeVue\EGAT-Server\src\app.js:9:9 {
  code: 'EADDRINUSE',
  errno: 'EADDRINUSE',
  syscall: 'listen',
  address: '::',
  port: 8081
}
Error: listen EADDRINUSE: address already in use :::8081
    at Server.setupListenHandle [as _listen2] (net.js:1313:16)
    at listenInCluster (net.js:1361:12)
    at Server.listen (net.js:1447:7)
    at Function.listen (D:\NodeVue\EGAT-Server\node_modules\express\lib\application.js:618:24)
    at D:\NodeVue\EGAT-Server\src\app.js:9:9 {
  code: 'EADDRINUSE',
  errno: 'EADDRINUSE',
  syscall: 'listen',
  address: '::',
  port: 8081
}
Error: listen EADDRINUSE: address already in use :::8081
    at Server.setupListenHandle [as _listen2] (net.js:1313:16)
    at listenInCluster (net.js:1361:12)
    at Server.listen (net.js:1447:7)
    at Function.listen (D:\NodeVue\EGAT-Server\node_modules\express\lib\application.js:618:24)
    at D:\NodeVue\EGAT-Server\src\app.js:9:9 {
  code: 'EADDRINUSE',
  errno: 'EADDRINUSE',
  syscall: 'listen',
  address: '::',
  port: 8081
}
Error: listen EADDRINUSE: address already in use :::8081
    at Server.setupListenHandle [as _listen2] (net.js:1313:16)
    at listenInCluster (net.js:1361:12)
    at Server.listen (net.js:1447:7)
    at Function.listen (D:\NodeVue\EGAT-Server\node_modules\express\lib\application.js:618:24)
    at D:\NodeVue\EGAT-Server\src\app.js:9:9 {
  code: 'EADDRINUSE',
  errno: 'EADDRINUSE',
  syscall: 'listen',
  address: '::',
  port: 8081
}
Error: listen EADDRINUSE: address already in use :::8081
    at Server.setupListenHandle [as _listen2] (net.js:1313:16)
    at listenInCluster (net.js:1361:12)
    at Server.listen (net.js:1447:7)
    at Function.listen (D:\NodeVue\EGAT-Server\node_modules\express\lib\application.js:618:24)
    at D:\NodeVue\EGAT-Server\src\app.js:9:9 {
  code: 'EADDRINUSE',
  errno: 'EADDRINUSE',
  syscall: 'listen',
  address: '::',
  port: 8081
}
Error: listen EADDRINUSE: address already in use :::8081
    at Server.setupListenHandle [as _listen2] (net.js:1313:16)
    at listenInCluster (net.js:1361:12)
    at Server.listen (net.js:1447:7)
    at Function.listen (D:\NodeVue\EGAT-Server\node_modules\express\lib\application.js:618:24)
    at D:\NodeVue\EGAT-Server\src\app.js:9:9 {
  code: 'EADDRINUSE',
  errno: 'EADDRINUSE',
  syscall: 'listen',
  address: '::',
  port: 8081
}
Error: listen EADDRINUSE: address already in use :::8081
    at Server.setupListenHandle [as _listen2] (net.js:1313:16)
    at listenInCluster (net.js:1361:12)
    at Server.listen (net.js:1447:7)
    at Function.listen (D:\NodeVue\EGAT-Server\node_modules\express\lib\application.js:618:24)
    at D:\NodeVue\EGAT-Server\src\app.js:9:9 {
  code: 'EADDRINUSE',
  errno: 'EADDRINUSE',
  syscall: 'listen',
  address: '::',
  port: 8081
}
Error: listen EADDRINUSE: address already in use :::8081
    at Server.setupListenHandle [as _listen2] (net.js:1313:16)
    at listenInCluster (net.js:1361:12)
    at Server.listen (net.js:1447:7)
    at Function.listen (D:\NodeVue\EGAT-Server\node_modules\express\lib\application.js:618:24)
    at D:\NodeVue\EGAT-Server\src\app.js:9:9 {
  code: 'EADDRINUSE',
  errno: 'EADDRINUSE',
  syscall: 'listen',
  address: '::',
  port: 8081
}
Error: listen EADDRINUSE: address already in use :::8081
    at Server.setupListenHandle [as _listen2] (net.js:1313:16)
    at listenInCluster (net.js:1361:12)
    at Server.listen (net.js:1447:7)
    at Function.listen (D:\NodeVue\EGAT-Server\node_modules\express\lib\application.js:618:24)
    at D:\NodeVue\EGAT-Server\src\app.js:9:9 {
  code: 'EADDRINUSE',
  errno: 'EADDRINUSE',
  syscall: 'listen',
  address: '::',
  port: 8081
}
Error: listen EADDRINUSE: address already in use :::8081
    at Server.setupListenHandle [as _listen2] (net.js:1313:16)
    at listenInCluster (net.js:1361:12)
    at Server.listen (net.js:1447:7)
    at Function.listen (D:\NodeVue\EGAT-Server\node_modules\express\lib\application.js:618:24)
    at D:\NodeVue\EGAT-Server\src\app.js:9:9 {
  code: 'EADDRINUSE',
  errno: 'EADDRINUSE',
  syscall: 'listen',
  address: '::',
  port: 8081
}
TypeError: req.status is not a function
    at show (D:\NodeVue\EGAT-server\src\controllers\UserController.js:67:17)
    at Layer.handle [as handle_request] (D:\NodeVue\EGAT-server\node_modules\express\lib\router\layer.js:95:5)
    at next (D:\NodeVue\EGAT-server\node_modules\express\lib\router\route.js:137:13)
    at Route.dispatch (D:\NodeVue\EGAT-server\node_modules\express\lib\router\route.js:112:3)
    at Layer.handle [as handle_request] (D:\NodeVue\EGAT-server\node_modules\express\lib\router\layer.js:95:5)
    at D:\NodeVue\EGAT-server\node_modules\express\lib\router\index.js:281:22
    at param (D:\NodeVue\EGAT-server\node_modules\express\lib\router\index.js:354:14)
    at param (D:\NodeVue\EGAT-server\node_modules\express\lib\router\index.js:365:14)
    at Function.process_params (D:\NodeVue\EGAT-server\node_modules\express\lib\router\index.js:410:3)
    at next (D:\NodeVue\EGAT-server\node_modules\express\lib\router\index.js:275:10)
    at cors (D:\NodeVue\EGAT-server\node_modules\cors\lib\index.js:188:7)
    at D:\NodeVue\EGAT-server\node_modules\cors\lib\index.js:224:17
    at originCallback (D:\NodeVue\EGAT-server\node_modules\cors\lib\index.js:214:15)
    at D:\NodeVue\EGAT-server\node_modules\cors\lib\index.js:219:13
    at optionsCallback (D:\NodeVue\EGAT-server\node_modules\cors\lib\index.js:199:9)
    at corsMiddleware (D:\NodeVue\EGAT-server\node_modules\cors\lib\index.js:204:7)
